This is pdfTeX, Version 3.141592653-2.6-1.40.25 (TeX Live 2023/nixos.org) (preloaded format=pdflatex 1980.1.1)  14 NOV 2024 01:56
entering extended mode
 restricted \write18 enabled.
 %&-line parsing enabled.
**transit-light-curves.tex
(./transit-light-curves.tex
LaTeX2e <2023-11-01> patch level 1
L3 programming layer <2024-02-20>

(/nix/store/d80likrir75iwgnkrsq1dximagxlx8j7-texlive-2023-env-texmfdist/tex/lat
ex/base/article.cls
Document Class: article 2023/05/17 v1.4n Standard LaTeX document class

(/nix/store/d80likrir75iwgnkrsq1dximagxlx8j7-texlive-2023-env-texmfdist/tex/lat
ex/base/size10.clo
File: size10.clo 2023/05/17 v1.4n Standard LaTeX file (size option)
)
\c@part=\count188
\c@section=\count189
\c@subsection=\count190
\c@subsubsection=\count191
\c@paragraph=\count192
\c@subparagraph=\count193
\c@figure=\count194
\c@table=\count195
\abovecaptionskip=\skip48
\belowcaptionskip=\skip49
\bibindent=\dimen140
)
(/nix/store/d80likrir75iwgnkrsq1dximagxlx8j7-texlive-2023-env-texmfdist/tex/lat
ex/geometry/geometry.sty
Package: geometry 2020/01/02 v5.9 Page Geometry

(/nix/store/d80likrir75iwgnkrsq1dximagxlx8j7-texlive-2023-env-texmfdist/tex/lat
ex/graphics/keyval.sty
Package: keyval 2022/05/29 v1.15 key=value parser (DPC)
\KV@toks@=\toks17
)
(/nix/store/d80likrir75iwgnkrsq1dximagxlx8j7-texlive-2023-env-texmfdist/tex/gen
eric/iftex/ifvtex.sty
Package: ifvtex 2019/10/25 v1.7 ifvtex legacy package. Use iftex instead.

(/nix/store/d80likrir75iwgnkrsq1dximagxlx8j7-texlive-2023-env-texmfdist/tex/gen
eric/iftex/iftex.sty
Package: iftex 2022/02/03 v1.0f TeX engine tests
))
\Gm@cnth=\count196
\Gm@cntv=\count197
\c@Gm@tempcnt=\count198
\Gm@bindingoffset=\dimen141
\Gm@wd@mp=\dimen142
\Gm@odd@mp=\dimen143
\Gm@even@mp=\dimen144
\Gm@layoutwidth=\dimen145
\Gm@layoutheight=\dimen146
\Gm@layouthoffset=\dimen147
\Gm@layoutvoffset=\dimen148
\Gm@dimlist=\toks18
)
(/nix/store/d80likrir75iwgnkrsq1dximagxlx8j7-texlive-2023-env-texmfdist/tex/lat
ex/hyperref/hyperref.sty
Package: hyperref 2024-01-20 v7.01h Hypertext links for LaTeX

(/nix/store/d80likrir75iwgnkrsq1dximagxlx8j7-texlive-2023-env-texmfdist/tex/lat
ex/kvsetkeys/kvsetkeys.sty
Package: kvsetkeys 2022-10-05 v1.19 Key value parser (HO)
)
(/nix/store/d80likrir75iwgnkrsq1dximagxlx8j7-texlive-2023-env-texmfdist/tex/gen
eric/kvdefinekeys/kvdefinekeys.sty
Package: kvdefinekeys 2019-12-19 v1.6 Define keys (HO)
)
(/nix/store/d80likrir75iwgnkrsq1dximagxlx8j7-texlive-2023-env-texmfdist/tex/gen
eric/pdfescape/pdfescape.sty
Package: pdfescape 2019/12/09 v1.15 Implements pdfTeX's escape features (HO)

(/nix/store/d80likrir75iwgnkrsq1dximagxlx8j7-texlive-2023-env-texmfdist/tex/gen
eric/ltxcmds/ltxcmds.sty
Package: ltxcmds 2023-12-04 v1.26 LaTeX kernel commands for general use (HO)
)
(/nix/store/d80likrir75iwgnkrsq1dximagxlx8j7-texlive-2023-env-texmfdist/tex/gen
eric/pdftexcmds/pdftexcmds.sty
Package: pdftexcmds 2020-06-27 v0.33 Utility functions of pdfTeX for LuaTeX (HO
)

(/nix/store/d80likrir75iwgnkrsq1dximagxlx8j7-texlive-2023-env-texmfdist/tex/gen
eric/infwarerr/infwarerr.sty
Package: infwarerr 2019/12/03 v1.5 Providing info/warning/error messages (HO)
)
Package pdftexcmds Info: \pdf@primitive is available.
Package pdftexcmds Info: \pdf@ifprimitive is available.
Package pdftexcmds Info: \pdfdraftmode found.
))
(/nix/store/d80likrir75iwgnkrsq1dximagxlx8j7-texlive-2023-env-texmfdist/tex/lat
ex/hycolor/hycolor.sty
Package: hycolor 2020-01-27 v1.10 Color options for hyperref/bookmark (HO)
)
(/nix/store/d80likrir75iwgnkrsq1dximagxlx8j7-texlive-2023-env-texmfdist/tex/lat
ex/auxhook/auxhook.sty
Package: auxhook 2019-12-17 v1.6 Hooks for auxiliary files (HO)
)
(/nix/store/d80likrir75iwgnkrsq1dximagxlx8j7-texlive-2023-env-texmfdist/tex/lat
ex/hyperref/nameref.sty
Package: nameref 2023-11-26 v2.56 Cross-referencing by name of section

(/nix/store/d80likrir75iwgnkrsq1dximagxlx8j7-texlive-2023-env-texmfdist/tex/lat
ex/refcount/refcount.sty
Package: refcount 2019/12/15 v3.6 Data extraction from label references (HO)
)
(/nix/store/d80likrir75iwgnkrsq1dximagxlx8j7-texlive-2023-env-texmfdist/tex/gen
eric/gettitlestring/gettitlestring.sty
Package: gettitlestring 2019/12/15 v1.6 Cleanup title references (HO)

(/nix/store/d80likrir75iwgnkrsq1dximagxlx8j7-texlive-2023-env-texmfdist/tex/lat
ex/kvoptions/kvoptions.sty
Package: kvoptions 2022-06-15 v3.15 Key value format for package options (HO)
))
\c@section@level=\count199
)
(/nix/store/d80likrir75iwgnkrsq1dximagxlx8j7-texlive-2023-env-texmfdist/tex/lat
ex/etoolbox/etoolbox.sty
Package: etoolbox 2020/10/05 v2.5k e-TeX tools for LaTeX (JAW)
\etb@tempcnta=\count266
)
\@linkdim=\dimen149
\Hy@linkcounter=\count267
\Hy@pagecounter=\count268

(/nix/store/d80likrir75iwgnkrsq1dximagxlx8j7-texlive-2023-env-texmfdist/tex/lat
ex/hyperref/pd1enc.def
File: pd1enc.def 2024-01-20 v7.01h Hyperref: PDFDocEncoding definition (HO)
Now handling font encoding PD1 ...
... no UTF-8 mapping file for font encoding PD1
)
(/nix/store/d80likrir75iwgnkrsq1dximagxlx8j7-texlive-2023-env-texmfdist/tex/gen
eric/intcalc/intcalc.sty
Package: intcalc 2019/12/15 v1.3 Expandable calculations with integers (HO)
)
\Hy@SavedSpaceFactor=\count269

(/nix/store/d80likrir75iwgnkrsq1dximagxlx8j7-texlive-2023-env-texmfdist/tex/lat
ex/hyperref/puenc.def
File: puenc.def 2024-01-20 v7.01h Hyperref: PDF Unicode definition (HO)
Now handling font encoding PU ...
... no UTF-8 mapping file for font encoding PU
)
Package hyperref Info: Hyper figures OFF on input line 4179.
Package hyperref Info: Link nesting OFF on input line 4184.
Package hyperref Info: Hyper index ON on input line 4187.
Package hyperref Info: Plain pages OFF on input line 4194.
Package hyperref Info: Backreferencing OFF on input line 4199.
Package hyperref Info: Implicit mode ON; LaTeX internals redefined.
Package hyperref Info: Bookmarks ON on input line 4446.
\c@Hy@tempcnt=\count270

(/nix/store/d80likrir75iwgnkrsq1dximagxlx8j7-texlive-2023-env-texmfdist/tex/lat
ex/url/url.sty
\Urlmuskip=\muskip16
Package: url 2013/09/16  ver 3.4  Verb mode for urls, etc.
)
LaTeX Info: Redefining \url on input line 4784.
\XeTeXLinkMargin=\dimen150

(/nix/store/d80likrir75iwgnkrsq1dximagxlx8j7-texlive-2023-env-texmfdist/tex/gen
eric/bitset/bitset.sty
Package: bitset 2019/12/09 v1.3 Handle bit-vector datatype (HO)

(/nix/store/d80likrir75iwgnkrsq1dximagxlx8j7-texlive-2023-env-texmfdist/tex/gen
eric/bigintcalc/bigintcalc.sty
Package: bigintcalc 2019/12/15 v1.5 Expandable calculations on big integers (HO
)
))
\Fld@menulength=\count271
\Field@Width=\dimen151
\Fld@charsize=\dimen152
Package hyperref Info: Hyper figures OFF on input line 6063.
Package hyperref Info: Link nesting OFF on input line 6068.
Package hyperref Info: Hyper index ON on input line 6071.
Package hyperref Info: backreferencing OFF on input line 6078.
Package hyperref Info: Link coloring OFF on input line 6083.
Package hyperref Info: Link coloring with OCG OFF on input line 6088.
Package hyperref Info: PDF/A mode OFF on input line 6093.

(/nix/store/d80likrir75iwgnkrsq1dximagxlx8j7-texlive-2023-env-texmfdist/tex/lat
ex/base/atbegshi-ltx.sty
Package: atbegshi-ltx 2021/01/10 v1.0c Emulation of the original atbegshi
package with kernel methods
)
\Hy@abspage=\count272
\c@Item=\count273
\c@Hfootnote=\count274
)
Package hyperref Info: Driver (autodetected): hpdftex.

(/nix/store/d80likrir75iwgnkrsq1dximagxlx8j7-texlive-2023-env-texmfdist/tex/lat
ex/hyperref/hpdftex.def
File: hpdftex.def 2024-01-20 v7.01h Hyperref driver for pdfTeX

(/nix/store/d80likrir75iwgnkrsq1dximagxlx8j7-texlive-2023-env-texmfdist/tex/lat
ex/base/atveryend-ltx.sty
Package: atveryend-ltx 2020/08/19 v1.0a Emulation of the original atveryend pac
kage
with kernel methods
)
\Fld@listcount=\count275
\c@bookmark@seq@number=\count276

(/nix/store/d80likrir75iwgnkrsq1dximagxlx8j7-texlive-2023-env-texmfdist/tex/lat
ex/rerunfilecheck/rerunfilecheck.sty
Package: rerunfilecheck 2022-07-10 v1.10 Rerun checks for auxiliary files (HO)

(/nix/store/d80likrir75iwgnkrsq1dximagxlx8j7-texlive-2023-env-texmfdist/tex/gen
eric/uniquecounter/uniquecounter.sty
Package: uniquecounter 2019/12/15 v1.4 Provide unlimited unique counter (HO)
)
Package uniquecounter Info: New unique counter `rerunfilecheck' on input line 2
85.
)
\Hy@SectionHShift=\skip50
)
(/nix/store/d80likrir75iwgnkrsq1dximagxlx8j7-texlive-2023-env-texmfdist/tex/lat
ex/gensymb/gensymb.sty
Package: gensymb 2022/10/17 v1.0.2 (KJH)
)
(/nix/store/d80likrir75iwgnkrsq1dximagxlx8j7-texlive-2023-env-texmfdist/tex/lat
ex/graphics/graphicx.sty
Package: graphicx 2021/09/16 v1.2d Enhanced LaTeX Graphics (DPC,SPQR)

(/nix/store/d80likrir75iwgnkrsq1dximagxlx8j7-texlive-2023-env-texmfdist/tex/lat
ex/graphics/graphics.sty
Package: graphics 2022/03/10 v1.4e Standard LaTeX Graphics (DPC,SPQR)

(/nix/store/d80likrir75iwgnkrsq1dximagxlx8j7-texlive-2023-env-texmfdist/tex/lat
ex/graphics/trig.sty
Package: trig 2021/08/11 v1.11 sin cos tan (DPC)
)
(/nix/store/d80likrir75iwgnkrsq1dximagxlx8j7-texlive-2023-env-texmfdist/tex/lat
ex/graphics-cfg/graphics.cfg
File: graphics.cfg 2016/06/04 v1.11 sample graphics configuration
)
Package graphics Info: Driver file: pdftex.def on input line 107.

(/nix/store/d80likrir75iwgnkrsq1dximagxlx8j7-texlive-2023-env-texmfdist/tex/lat
ex/graphics-def/pdftex.def
File: pdftex.def 2022/09/22 v1.2b Graphics/color driver for pdftex
))
\Gin@req@height=\dimen153
\Gin@req@width=\dimen154
)
(/nix/store/d80likrir75iwgnkrsq1dximagxlx8j7-texlive-2023-env-texmfdist/tex/lat
ex/float/float.sty
Package: float 2001/11/08 v1.3d Float enhancements (AL)
\c@float@type=\count277
\float@exts=\toks19
\float@box=\box51
\@float@everytoks=\toks20
\@floatcapt=\box52
)
(/nix/store/d80likrir75iwgnkrsq1dximagxlx8j7-texlive-2023-env-texmfdist/tex/lat
ex/tools/tabularx.sty
Package: tabularx 2023/07/08 v2.11c `tabularx' package (DPC)

(/nix/store/d80likrir75iwgnkrsq1dximagxlx8j7-texlive-2023-env-texmfdist/tex/lat
ex/tools/array.sty
Package: array 2023/10/16 v2.5g Tabular extension package (FMi)
\col@sep=\dimen155
\ar@mcellbox=\box53
\extrarowheight=\dimen156
\NC@list=\toks21
\extratabsurround=\skip51
\backup@length=\skip52
\ar@cellbox=\box54
)
\TX@col@width=\dimen157
\TX@old@table=\dimen158
\TX@old@col=\dimen159
\TX@target=\dimen160
\TX@delta=\dimen161
\TX@cols=\count278
\TX@ftn=\toks22
)
(/nix/store/d80likrir75iwgnkrsq1dximagxlx8j7-texlive-2023-env-texmfdist/tex/lat
ex/wrapfig/wrapfig.sty
\wrapoverhang=\dimen162
\WF@size=\dimen163
\c@WF@wrappedlines=\count279
\WF@box=\box55
\WF@everypar=\toks23
Package: wrapfig 2003/01/31  v 3.6
)
(/nix/store/d80likrir75iwgnkrsq1dximagxlx8j7-texlive-2023-env-texmfdist/tex/lat
ex/amsfonts/amssymb.sty
Package: amssymb 2013/01/14 v3.01 AMS font symbols

(/nix/store/d80likrir75iwgnkrsq1dximagxlx8j7-texlive-2023-env-texmfdist/tex/lat
ex/amsfonts/amsfonts.sty
Package: amsfonts 2013/01/14 v3.01 Basic AMSFonts support
\@emptytoks=\toks24
\symAMSa=\mathgroup4
\symAMSb=\mathgroup5
LaTeX Font Info:    Redeclaring math symbol \hbar on input line 98.
LaTeX Font Info:    Overwriting math alphabet `\mathfrak' in version `bold'
(Font)                  U/euf/m/n --> U/euf/b/n on input line 106.
))
(/nix/store/d80likrir75iwgnkrsq1dximagxlx8j7-texlive-2023-env-texmfdist/tex/lat
ex/amsmath/amsmath.sty
Package: amsmath 2023/05/13 v2.17o AMS math features
\@mathmargin=\skip53
For additional information on amsmath, use the `?' option.

(/nix/store/d80likrir75iwgnkrsq1dximagxlx8j7-texlive-2023-env-texmfdist/tex/lat
ex/amsmath/amstext.sty
Package: amstext 2021/08/26 v2.01 AMS text

(/nix/store/d80likrir75iwgnkrsq1dximagxlx8j7-texlive-2023-env-texmfdist/tex/lat
ex/amsmath/amsgen.sty
File: amsgen.sty 1999/11/30 v2.0 generic functions
\@emptytoks=\toks25
\ex@=\dimen164
))
(/nix/store/d80likrir75iwgnkrsq1dximagxlx8j7-texlive-2023-env-texmfdist/tex/lat
ex/amsmath/amsbsy.sty
Package: amsbsy 1999/11/29 v1.2d Bold Symbols
\pmbraise@=\dimen165
)
(/nix/store/d80likrir75iwgnkrsq1dximagxlx8j7-texlive-2023-env-texmfdist/tex/lat
ex/amsmath/amsopn.sty
Package: amsopn 2022/04/08 v2.04 operator names
)
\inf@bad=\count280
LaTeX Info: Redefining \frac on input line 234.
\uproot@=\count281
\leftroot@=\count282
LaTeX Info: Redefining \overline on input line 399.
LaTeX Info: Redefining \colon on input line 410.
\classnum@=\count283
\DOTSCASE@=\count284
LaTeX Info: Redefining \ldots on input line 496.
LaTeX Info: Redefining \dots on input line 499.
LaTeX Info: Redefining \cdots on input line 620.
\Mathstrutbox@=\box56
\strutbox@=\box57
LaTeX Info: Redefining \big on input line 722.
LaTeX Info: Redefining \Big on input line 723.
LaTeX Info: Redefining \bigg on input line 724.
LaTeX Info: Redefining \Bigg on input line 725.
\big@size=\dimen166
LaTeX Font Info:    Redeclaring font encoding OML on input line 743.
LaTeX Font Info:    Redeclaring font encoding OMS on input line 744.
\macc@depth=\count285
LaTeX Info: Redefining \bmod on input line 905.
LaTeX Info: Redefining \pmod on input line 910.
LaTeX Info: Redefining \smash on input line 940.
LaTeX Info: Redefining \relbar on input line 970.
LaTeX Info: Redefining \Relbar on input line 971.
\c@MaxMatrixCols=\count286
\dotsspace@=\muskip17
\c@parentequation=\count287
\dspbrk@lvl=\count288
\tag@help=\toks26
\row@=\count289
\column@=\count290
\maxfields@=\count291
\andhelp@=\toks27
\eqnshift@=\dimen167
\alignsep@=\dimen168
\tagshift@=\dimen169
\tagwidth@=\dimen170
\totwidth@=\dimen171
\lineht@=\dimen172
\@envbody=\toks28
\multlinegap=\skip54
\multlinetaggap=\skip55
\mathdisplay@stack=\toks29
LaTeX Info: Redefining \[ on input line 2953.
LaTeX Info: Redefining \] on input line 2954.
)
(/nix/store/d80likrir75iwgnkrsq1dximagxlx8j7-texlive-2023-env-texmfdist/tex/lat
ex/was/icomma.sty
Package: icomma 2002/03/10 v2.0 (WaS)
)
(/nix/store/d80likrir75iwgnkrsq1dximagxlx8j7-texlive-2023-env-texmfdist/tex/lat
ex/booktabs/booktabs.sty
Package: booktabs 2020/01/12 v1.61803398 Publication quality tables
\heavyrulewidth=\dimen173
\lightrulewidth=\dimen174
\cmidrulewidth=\dimen175
\belowrulesep=\dimen176
\belowbottomsep=\dimen177
\aboverulesep=\dimen178
\abovetopsep=\dimen179
\cmidrulesep=\dimen180
\cmidrulekern=\dimen181
\defaultaddspace=\dimen182
\@cmidla=\count292
\@cmidlb=\count293
\@aboverulesep=\dimen183
\@belowrulesep=\dimen184
\@thisruleclass=\count294
\@lastruleclass=\count295
\@thisrulewidth=\dimen185
)
(/nix/store/d80likrir75iwgnkrsq1dximagxlx8j7-texlive-2023-env-texmfdist/tex/lat
ex/base/inputenc.sty
Package: inputenc 2021/02/14 v1.3d Input encoding file
\inpenc@prehook=\toks30
\inpenc@posthook=\toks31
)
(/nix/store/d80likrir75iwgnkrsq1dximagxlx8j7-texlive-2023-env-texmfdist/tex/lat
ex/base/fontenc.sty
Package: fontenc 2021/04/29 v2.0v Standard LaTeX package
)
(/nix/store/d80likrir75iwgnkrsq1dximagxlx8j7-texlive-2023-env-texmfdist/tex/lat
ex/newpx/newpxtext.sty
Package: newpxtext 2024/02/09 v1.536(Michael Sharpe) latex and unicode latex su
pport for TeXGyrePagellaX

`newpxtext' v1.536, 2024/02/09 Text macros taking advantage of TeXGyre Pagella 
and its extensions (msharpe)
(/nix/store/d80likrir75iwgnkrsq1dximagxlx8j7-texlive-2023-env-texmfdist/tex/lat
ex/base/fontenc.sty
Package: fontenc 2021/04/29 v2.0v Standard LaTeX package
)
(/nix/store/d80likrir75iwgnkrsq1dximagxlx8j7-texlive-2023-env-texmfdist/tex/lat
ex/xcolor/xcolor.sty
Package: xcolor 2023/11/15 v3.01 LaTeX color extensions (UK)

(/nix/store/d80likrir75iwgnkrsq1dximagxlx8j7-texlive-2023-env-texmfdist/tex/lat
ex/graphics-cfg/color.cfg
File: color.cfg 2016/01/02 v1.6 sample color configuration
)
Package xcolor Info: Driver file: pdftex.def on input line 274.

(/nix/store/d80likrir75iwgnkrsq1dximagxlx8j7-texlive-2023-env-texmfdist/tex/lat
ex/graphics/mathcolor.ltx)
Package xcolor Info: Model `cmy' substituted by `cmy0' on input line 1350.
Package xcolor Info: Model `hsb' substituted by `rgb' on input line 1354.
Package xcolor Info: Model `RGB' extended on input line 1366.
Package xcolor Info: Model `HTML' substituted by `rgb' on input line 1368.
Package xcolor Info: Model `Hsb' substituted by `hsb' on input line 1369.
Package xcolor Info: Model `tHsb' substituted by `hsb' on input line 1370.
Package xcolor Info: Model `HSB' substituted by `hsb' on input line 1371.
Package xcolor Info: Model `Gray' substituted by `gray' on input line 1372.
Package xcolor Info: Model `wave' substituted by `hsb' on input line 1373.
)
(/nix/store/d80likrir75iwgnkrsq1dximagxlx8j7-texlive-2023-env-texmfdist/tex/lat
ex/xpatch/xpatch.sty
(/nix/store/d80likrir75iwgnkrsq1dximagxlx8j7-texlive-2023-env-texmfdist/tex/lat
ex/l3kernel/expl3.sty
Package: expl3 2024-02-20 L3 programming layer (loader) 

(/nix/store/d80likrir75iwgnkrsq1dximagxlx8j7-texlive-2023-env-texmfdist/tex/lat
ex/l3backend/l3backend-pdftex.def
File: l3backend-pdftex.def 2024-02-20 L3 backend support: PDF output (pdfTeX)
\l__color_backend_stack_int=\count296
\l__pdf_internal_box=\box58
))
Package: xpatch 2020/03/25 v0.3a Extending etoolbox patching commands

(/nix/store/d80likrir75iwgnkrsq1dximagxlx8j7-texlive-2023-env-texmfdist/tex/lat
ex/l3packages/xparse/xparse.sty
Package: xparse 2024-02-18 L3 Experimental document command parser
))
(/nix/store/d80likrir75iwgnkrsq1dximagxlx8j7-texlive-2023-env-texmfdist/tex/lat
ex/xkeyval/xkeyval.sty
Package: xkeyval 2022/06/16 v2.9 package option processing (HA)

(/nix/store/d80likrir75iwgnkrsq1dximagxlx8j7-texlive-2023-env-texmfdist/tex/gen
eric/xkeyval/xkeyval.tex
(/nix/store/d80likrir75iwgnkrsq1dximagxlx8j7-texlive-2023-env-texmfdist/tex/gen
eric/xkeyval/xkvutils.tex
\XKV@toks=\toks32
\XKV@tempa@toks=\toks33
)
\XKV@depth=\count297
File: xkeyval.tex 2014/12/03 v2.7a key=value parser (HA)
))
(/nix/store/d80likrir75iwgnkrsq1dximagxlx8j7-texlive-2023-env-texmfdist/tex/lat
ex/base/textcomp.sty
Package: textcomp 2020/02/02 v2.0n Standard LaTeX package
)
(/nix/store/d80likrir75iwgnkrsq1dximagxlx8j7-texlive-2023-env-texmfdist/tex/gen
eric/xstring/xstring.sty
(/nix/store/d80likrir75iwgnkrsq1dximagxlx8j7-texlive-2023-env-texmfdist/tex/gen
eric/xstring/xstring.tex
\xs_counta=\count298
\xs_countb=\count299
)
Package: xstring 2023/08/22 v1.86 String manipulations (CT)
)
(/nix/store/d80likrir75iwgnkrsq1dximagxlx8j7-texlive-2023-env-texmfdist/tex/lat
ex/base/ifthen.sty
Package: ifthen 2022/04/13 v1.1d Standard LaTeX ifthen package (DPC)
)
(/nix/store/d80likrir75iwgnkrsq1dximagxlx8j7-texlive-2023-env-texmfdist/tex/lat
ex/carlisle/scalefnt.sty)
LaTeX Font Info:    Setting zplLF sub-encoding to TS1/0 on input line 26.
LaTeX Font Info:    Setting zplTLF sub-encoding to TS1/0 on input line 26.
LaTeX Font Info:    Setting zplOsF sub-encoding to TS1/0 on input line 26.
LaTeX Font Info:    Setting zplTOsF sub-encoding to TS1/0 on input line 26.
\zpl@cnt=\count300

(/nix/store/d80likrir75iwgnkrsq1dximagxlx8j7-texlive-2023-env-texmfdist/tex/lat
ex/fontaxes/fontaxes.sty
Package: fontaxes 2020/07/21 v1.0e Font selection axes
LaTeX Info: Redefining \upshape on input line 29.
LaTeX Info: Redefining \itshape on input line 31.
LaTeX Info: Redefining \slshape on input line 33.
LaTeX Info: Redefining \swshape on input line 35.
LaTeX Info: Redefining \scshape on input line 37.
LaTeX Info: Redefining \sscshape on input line 39.
LaTeX Info: Redefining \ulcshape on input line 41.
LaTeX Info: Redefining \textsw on input line 47.
LaTeX Info: Redefining \textssc on input line 48.
LaTeX Info: Redefining \textulc on input line 49.
)
\zpl@sixem=\dimen186
\zpl@y=\dimen187
\zpl@x=\dimen188
\zpl@tmpdima=\dimen189
\zpl@tmpdimb=\dimen190
\zpl@tmpdimc=\dimen191
\zpl@tmpdimd=\dimen192
\zpl@tmpdime=\dimen193
\zpl@tmpdimf=\dimen194
\zpl@dimA=\dimen195
\zpl@dimAA=\dimen196
\zpl@dimB=\dimen197
\zpl@dimBB=\dimen198
\zpl@dimC=\dimen199
LaTeX Info: Redefining \oldstylenums on input line 789.
LaTeX Font Info:    Trying to load font information for T1+zplLF on input line 
798.

(/nix/store/d80likrir75iwgnkrsq1dximagxlx8j7-texlive-2023-env-texmfdist/tex/lat
ex/newpx/t1zpllf.fd
File: t1zpllf.fd 2021/05/25 v1.0 font definition file for T1/zpl/lf
)
LaTeX Font Info:    Trying to load font information for T1+zplTLF on input line
 799.

(/nix/store/d80likrir75iwgnkrsq1dximagxlx8j7-texlive-2023-env-texmfdist/tex/lat
ex/newpx/t1zpltlf.fd
File: t1zpltlf.fd 2021/05/25 v1.0 font definition file for T1/zpl/tlf
)
LaTeX Font Info:    Trying to load font information for T1+zplOsF on input line
 800.

(/nix/store/d80likrir75iwgnkrsq1dximagxlx8j7-texlive-2023-env-texmfdist/tex/lat
ex/newpx/t1zplosf.fd
File: t1zplosf.fd 2021/05/25 v1.0 font definition file for T1/zpl/osf
)
LaTeX Font Info:    Trying to load font information for T1+zplTOsF on input lin
e 801.

(/nix/store/d80likrir75iwgnkrsq1dximagxlx8j7-texlive-2023-env-texmfdist/tex/lat
ex/newpx/t1zpltosf.fd
File: t1zpltosf.fd 2021/05/25 v1.0 font definition file for T1/zpl/tosf
))
(/nix/store/d80likrir75iwgnkrsq1dximagxlx8j7-texlive-2023-env-texmfdist/tex/lat
ex/newpx/newpxmath.sty
Package: newpxmath 2023/11/08 v1.533
`newpxmath' v1.533, 2023/11/08 Math macros based on pxfonts (msharpe)
(/nix/store/d80likrir75iwgnkrsq1dximagxlx8j7-texlive-2023-env-texmfdist/tex/gen
eric/kastrup/binhex.tex)
(/nix/store/d80likrir75iwgnkrsq1dximagxlx8j7-texlive-2023-env-texmfdist/tex/lat
ex/oberdiek/centernot.sty
Package: centernot 2016/05/16 v1.4 Centers the not symbol horizontally (HO)
)
\px@tA=\toks34
\px@tB=\toks35
\px@su=\read2
\px@Isdigit=\count301
amsthm NOT loaded
LaTeX Font Info:    Redeclaring symbol font `operators' on input line 222.
LaTeX Font Info:    Overwriting symbol font `operators' in version `normal'
(Font)                  OT1/cmr/m/n --> OT1/zpltlf/m/n on input line 222.
LaTeX Font Info:    Overwriting symbol font `operators' in version `bold'
(Font)                  OT1/cmr/bx/n --> OT1/zpltlf/m/n on input line 222.
LaTeX Font Info:    Overwriting symbol font `operators' in version `bold'
(Font)                  OT1/zpltlf/m/n --> OT1/zpltlf/b/n on input line 223.
LaTeX Font Info:    Redeclaring math alphabet \mathsf on input line 226.
LaTeX Font Info:    Overwriting math alphabet `\mathsf' in version `normal'
(Font)                  OT1/cmss/m/n --> T1/qhv/m/n on input line 226.
LaTeX Font Info:    Overwriting math alphabet `\mathsf' in version `bold'
(Font)                  OT1/cmss/bx/n --> T1/qhv/m/n on input line 226.
LaTeX Font Info:    Redeclaring math alphabet \mathit on input line 227.
LaTeX Font Info:    Overwriting math alphabet `\mathit' in version `normal'
(Font)                  OT1/cmr/m/it --> OT1/zpltlf/m/it on input line 227.
LaTeX Font Info:    Overwriting math alphabet `\mathit' in version `bold'
(Font)                  OT1/cmr/bx/it --> OT1/zpltlf/m/it on input line 227.
LaTeX Font Info:    Redeclaring math alphabet \mathtt on input line 228.
LaTeX Font Info:    Overwriting math alphabet `\mathtt' in version `normal'
(Font)                  OT1/cmtt/m/n --> T1/npxtt/m/n on input line 228.
LaTeX Font Info:    Overwriting math alphabet `\mathtt' in version `bold'
(Font)                  OT1/cmtt/m/n --> T1/npxtt/m/n on input line 228.
LaTeX Font Info:    Redeclaring math alphabet \mathbf on input line 230.
LaTeX Font Info:    Overwriting math alphabet `\mathbf' in version `normal'
(Font)                  OT1/cmr/bx/n --> OT1/zpltlf/b/n on input line 230.
LaTeX Font Info:    Overwriting math alphabet `\mathbf' in version `bold'
(Font)                  OT1/cmr/bx/n --> OT1/zpltlf/b/n on input line 230.
LaTeX Font Info:    Overwriting math alphabet `\mathit' in version `bold'
(Font)                  OT1/zpltlf/m/it --> OT1/zpltlf/b/it on input line 231.
LaTeX Font Info:    Overwriting math alphabet `\mathsf' in version `bold'
(Font)                  T1/qhv/m/n --> T1/qhv/b/n on input line 233.
LaTeX Font Info:    Overwriting math alphabet `\mathtt' in version `bold'
(Font)                  T1/npxtt/m/n --> T1/npxtt/b/n on input line 234.
LaTeX Font Info:    Redeclaring symbol font `letters' on input line 245.
LaTeX Font Info:    Overwriting symbol font `letters' in version `normal'
(Font)                  OML/cmm/m/it --> OML/npxmi/m/it on input line 245.
LaTeX Font Info:    Overwriting symbol font `letters' in version `bold'
(Font)                  OML/cmm/b/it --> OML/npxmi/m/it on input line 245.
LaTeX Font Info:    Overwriting symbol font `letters' in version `bold'
(Font)                  OML/npxmi/m/it --> OML/npxmi/b/it on input line 246.
\symlettersA=\mathgroup6
LaTeX Font Info:    Overwriting symbol font `lettersA' in version `bold'
(Font)                  U/npxmia/m/it --> U/npxmia/b/it on input line 264.
LaTeX Font Info:    Redeclaring math alphabet \mathfrak on input line 266.
Now handling font encoding LMS ...
... no UTF-8 mapping file for font encoding LMS
LaTeX Font Info:    Redeclaring symbol font `symbols' on input line 274.
LaTeX Font Info:    Encoding `OMS' has changed to `LMS' for symbol font
(Font)              `symbols' in the math version `normal' on input line 274.
LaTeX Font Info:    Overwriting symbol font `symbols' in version `normal'
(Font)                  OMS/cmsy/m/n --> LMS/npxsy/m/n on input line 274.
LaTeX Font Info:    Encoding `OMS' has changed to `LMS' for symbol font
(Font)              `symbols' in the math version `bold' on input line 274.
LaTeX Font Info:    Overwriting symbol font `symbols' in version `bold'
(Font)                  OMS/cmsy/b/n --> LMS/npxsy/m/n on input line 274.
LaTeX Font Info:    Overwriting symbol font `symbols' in version `bold'
(Font)                  LMS/npxsy/m/n --> LMS/npxsy/b/n on input line 275.
\symAMSm=\mathgroup7
LaTeX Font Info:    Overwriting symbol font `AMSm' in version `bold'
(Font)                  U/npxsym/m/n --> U/npxsym/b/n on input line 295.
\symsymbolsC=\mathgroup8
LaTeX Font Info:    Overwriting symbol font `symbolsC' in version `bold'
(Font)                  U/npxsyc/m/n --> U/npxsyc/b/n on input line 317.
Now handling font encoding LMX ...
... no UTF-8 mapping file for font encoding LMX
LaTeX Font Info:    Redeclaring symbol font `largesymbols' on input line 337.
LaTeX Font Info:    Encoding `OMX' has changed to `LMX' for symbol font
(Font)              `largesymbols' in the math version `normal' on input line 3
37.
LaTeX Font Info:    Overwriting symbol font `largesymbols' in version `normal'
(Font)                  OMX/cmex/m/n --> LMX/npxexx/m/n on input line 337.
LaTeX Font Info:    Encoding `OMX' has changed to `LMX' for symbol font
(Font)              `largesymbols' in the math version `bold' on input line 337
.
LaTeX Font Info:    Overwriting symbol font `largesymbols' in version `bold'
(Font)                  OMX/cmex/m/n --> LMX/npxexx/m/n on input line 337.
LaTeX Font Info:    Overwriting symbol font `largesymbols' in version `bold'
(Font)                  LMX/npxexx/m/n --> LMX/npxexx/b/n on input line 338.
\symlargesymbolsPXA=\mathgroup9
LaTeX Font Info:    Overwriting symbol font `largesymbolsPXA' in version `bold'

(Font)                  U/npxexa/m/n --> U/npxexa/b/n on input line 345.
\px@cntz=\count302
\px@IsAlNum=\count303
\px@sbptoks=\toks36
LaTeX Font Info:    Redeclaring math delimiter \lfloor on input line 500.
LaTeX Font Info:    Redeclaring math delimiter \rfloor on input line 501.
LaTeX Font Info:    Redeclaring math delimiter \lceil on input line 502.
LaTeX Font Info:    Redeclaring math delimiter \rceil on input line 503.
LaTeX Font Info:    Redeclaring math delimiter \lbrace on input line 508.
LaTeX Font Info:    Redeclaring math delimiter \rbrace on input line 509.
LaTeX Font Info:    Redeclaring math delimiter \langle on input line 511.
LaTeX Font Info:    Redeclaring math delimiter \rangle on input line 513.
LaTeX Font Info:    Redeclaring math delimiter \arrowvert on input line 517.
LaTeX Font Info:    Redeclaring math delimiter \vert on input line 518.
LaTeX Font Info:    Redeclaring math symbol \parallel on input line 519.
LaTeX Font Info:    Redeclaring math delimiter \Arrowvert on input line 520.
LaTeX Font Info:    Redeclaring math accent \grave on input line 560.
LaTeX Font Info:    Redeclaring math accent \acute on input line 561.
LaTeX Font Info:    Redeclaring math accent \hat on input line 562.
LaTeX Font Info:    Redeclaring math accent \tilde on input line 563.
LaTeX Font Info:    Redeclaring math accent \bar on input line 564.
LaTeX Font Info:    Redeclaring math accent \breve on input line 565.
LaTeX Font Info:    Redeclaring math accent \mathring on input line 566.
LaTeX Font Info:    Redeclaring math accent \check on input line 567.
LaTeX Font Info:    Redeclaring math accent \dot on input line 571.
LaTeX Font Info:    Redeclaring math accent \ddot on input line 572.
LaTeX Font Info:    Redeclaring math accent \vec on input line 1617.
LaTeX Info: Redefining \Bbbk on input line 2194.
LaTeX Info: Redefining \not on input line 2476.
)
LaTeX Font Info:    Font shape `T1/zpltlf/m/n' will be
(Font)              scaled to size 10.0pt on input line 23.
(./transit-light-curves.aux
No file figures/circles.aux.
No file figures/circles-var-2.aux.
No file figures/circle-and-ellipse-i-0.5pi-var-1.aux.
No file figures/circle-and-ellipse-i-0.47.aux.
No file figures/ellipses.aux.
No file figures/realistic.aux.
)
\openout1 = `transit-light-curves.aux'.

LaTeX Font Info:    Checking defaults for OML/npxmi/m/it on input line 23.
LaTeX Font Info:    Trying to load font information for OML+npxmi on input line
 23.

(/nix/store/d80likrir75iwgnkrsq1dximagxlx8j7-texlive-2023-env-texmfdist/tex/lat
ex/newpx/omlnpxmi.fd
File: omlnpxmi.fd 2013/03/21 Fontinst v1.933 font definitions for OML/npxmi.
)
LaTeX Font Info:    ... okay on input line 23.
LaTeX Font Info:    Checking defaults for OMS/cmsy/m/n on input line 23.
LaTeX Font Info:    ... okay on input line 23.
LaTeX Font Info:    Checking defaults for OT1/cmr/m/n on input line 23.
LaTeX Font Info:    ... okay on input line 23.
LaTeX Font Info:    Checking defaults for T1/cmr/m/n on input line 23.
LaTeX Font Info:    ... okay on input line 23.
LaTeX Font Info:    Checking defaults for TS1/cmr/m/n on input line 23.
LaTeX Font Info:    ... okay on input line 23.
LaTeX Font Info:    Checking defaults for OMX/cmex/m/n on input line 23.
LaTeX Font Info:    ... okay on input line 23.
LaTeX Font Info:    Checking defaults for U/npxexa/m/n on input line 23.
LaTeX Font Info:    Trying to load font information for U+npxexa on input line 
23.

(/nix/store/d80likrir75iwgnkrsq1dximagxlx8j7-texlive-2023-env-texmfdist/tex/lat
ex/newpx/unpxexa.fd
File: unpxexa.fd 2013/03/24 Fontinst v1.933 font definitions for U/npxexa.
)
LaTeX Font Info:    ... okay on input line 23.
LaTeX Font Info:    Checking defaults for PD1/pdf/m/n on input line 23.
LaTeX Font Info:    ... okay on input line 23.
LaTeX Font Info:    Checking defaults for PU/pdf/m/n on input line 23.
LaTeX Font Info:    ... okay on input line 23.
LaTeX Font Info:    Checking defaults for LMS/npxsy/m/n on input line 23.
LaTeX Font Info:    Trying to load font information for LMS+npxsy on input line
 23.

(/nix/store/d80likrir75iwgnkrsq1dximagxlx8j7-texlive-2023-env-texmfdist/tex/lat
ex/newpx/lmsnpxsy.fd
File: lmsnpxsy.fd 2016/07/04 Fontinst v1.933 font definitions for LMS/npxsy.
)
LaTeX Font Info:    ... okay on input line 23.
LaTeX Font Info:    Checking defaults for LMX/npxexx/m/n on input line 23.
LaTeX Font Info:    Trying to load font information for LMX+npxexx on input lin
e 23.

(/nix/store/d80likrir75iwgnkrsq1dximagxlx8j7-texlive-2023-env-texmfdist/tex/lat
ex/newpx/lmxnpxexx.fd
File: lmxnpxexx.fd 2016/07/04 Fontinst v1.933 font definitions for LMX/npxexx.
)
LaTeX Font Info:    ... okay on input line 23.
*geometry* driver: auto-detecting
*geometry* detected driver: pdftex
*geometry* verbose mode - [ preamble ] result:
* driver: pdftex
* paper: a4paper
* layout: <same size as paper>
* layoutoffset:(h,v)=(0.0pt,0.0pt)
* modes: 
* h-part:(L,W,R)=(42.67914pt, 512.1496pt, 42.67914pt)
* v-part:(T,H,B)=(53.49118pt, 711.3189pt, 80.23677pt)
* \paperwidth=597.50787pt
* \paperheight=845.04684pt
* \textwidth=512.1496pt
* \textheight=711.3189pt
* \oddsidemargin=-29.59085pt
* \evensidemargin=-29.59085pt
* \topmargin=-55.77881pt
* \headheight=12.0pt
* \headsep=25.0pt
* \topskip=10.0pt
* \footskip=30.0pt
* \marginparwidth=65.0pt
* \marginparsep=11.0pt
* \columnsep=10.0pt
* \skip\footins=9.0pt plus 4.0pt minus 2.0pt
* \hoffset=0.0pt
* \voffset=0.0pt
* \mag=1000
* \@twocolumnfalse
* \@twosidefalse
* \@mparswitchfalse
* \@reversemarginfalse
* (1in=72.27pt=25.4mm, 1cm=28.453pt)

Package hyperref Info: Link coloring OFF on input line 23.
(./transit-light-curves.out) (./transit-light-curves.out)
\@outlinefile=\write3
\openout3 = `transit-light-curves.out'.

\symgns@font=\mathgroup10
LaTeX Font Info:    Overwriting symbol font `gns@font' in version `bold'
(Font)                  TS1/zpltlf/m/n --> TS1/zpltlf/b/n on input line 23.
Package gensymb Info: Math companion symbols declared on input line 23.
LaTeX Info: Redefining \degree on input line 23.
LaTeX Info: Redefining \celsius on input line 23.
Package gensymb Info: Using text companion symbols for \degree, \celsius and \p
erthousand on input line 23.
LaTeX Info: Redefining \ohm on input line 23.
Package gensymb Info: Using \textohm for \ohm on input line 23.
Package gensymb Info: Using \textmu for \micro on input line 23.

(/nix/store/d80likrir75iwgnkrsq1dximagxlx8j7-texlive-2023-env-texmfdist/tex/con
text/base/mkii/supp-pdf.mkii
[Loading MPS to PDF converter (version 2006.09.02).]
\scratchcounter=\count304
\scratchdimen=\dimen256
\scratchbox=\box59
\nofMPsegments=\count305
\nofMParguments=\count306
\everyMPshowfont=\toks37
\MPscratchCnt=\count307
\MPscratchDim=\dimen257
\MPnumerator=\count308
\makeMPintoPDFobject=\count309
\everyMPtoPDFconversion=\toks38
)
(/nix/store/d80likrir75iwgnkrsq1dximagxlx8j7-texlive-2023-env-texmfdist/tex/lat
ex/epstopdf-pkg/epstopdf-base.sty
Package: epstopdf-base 2020-01-24 v2.11 Base part for package epstopdf
Package epstopdf-base Info: Redefining graphics rule for `.eps' on input line 4
85.

(/nix/store/d80likrir75iwgnkrsq1dximagxlx8j7-texlive-2023-env-texmfdist/tex/lat
ex/latexconfig/epstopdf-sys.cfg
File: epstopdf-sys.cfg 2010/07/13 v1.3 Configuration of (r)epstopdf for TeX Liv
e
))
LaTeX Info: Command `\dddot' is already robust on input line 23.
LaTeX Info: Command `\ddddot' is already robust on input line 23.
\c@mv@tabular=\count310
\c@mv@boldtabular=\count311
LaTeX Font Info:    Font shape `T1/zpltlf/m/n' will be
(Font)              scaled to size 17.28pt on input line 25.
LaTeX Font Info:    Font shape `T1/zpltlf/m/n' will be
(Font)              scaled to size 9.0pt on input line 25.
LaTeX Font Info:    Trying to load font information for T1+npxtt on input line 
25.

(/nix/store/d80likrir75iwgnkrsq1dximagxlx8j7-texlive-2023-env-texmfdist/tex/lat
ex/newpx/t1npxtt.fd
File: t1npxtt.fd 2000/12/14 v1.0
)
LaTeX Font Info:    Font shape `T1/npxtt/m/n' will be
(Font)              scaled to size 9.0pt on input line 25.
LaTeX Font Info:    Trying to load font information for OT1+zpltlf on input lin
e 25.

(/nix/store/d80likrir75iwgnkrsq1dximagxlx8j7-texlive-2023-env-texmfdist/tex/lat
ex/newpx/ot1zpltlf.fd
File: ot1zpltlf.fd 2021/05/25 v1.0 font definition file for OT1/zpl/tlf
)
LaTeX Font Info:    Font shape `OT1/zpltlf/m/n' will be
(Font)              scaled to size 9.0pt on input line 25.
LaTeX Font Info:    Font shape `OT1/zpltlf/m/n' will be
(Font)              scaled to size 7.3pt on input line 25.
LaTeX Font Info:    Font shape `OT1/zpltlf/m/n' will be
(Font)              scaled to size 5.5pt on input line 25.
LaTeX Font Info:    Trying to load font information for U+msa on input line 25.


(/nix/store/d80likrir75iwgnkrsq1dximagxlx8j7-texlive-2023-env-texmfdist/tex/lat
ex/amsfonts/umsa.fd
File: umsa.fd 2013/01/14 v3.01 AMS symbols A
)
LaTeX Font Info:    Trying to load font information for U+msb on input line 25.


(/nix/store/d80likrir75iwgnkrsq1dximagxlx8j7-texlive-2023-env-texmfdist/tex/lat
ex/amsfonts/umsb.fd
File: umsb.fd 2013/01/14 v3.01 AMS symbols B
)
LaTeX Font Info:    Trying to load font information for U+npxmia on input line 
25.

(/nix/store/d80likrir75iwgnkrsq1dximagxlx8j7-texlive-2023-env-texmfdist/tex/lat
ex/newpx/unpxmia.fd
File: unpxmia.fd 2013/03/24 Fontinst v1.933 font definitions for U/npxmia.
)
LaTeX Font Info:    Trying to load font information for U+npxsym on input line 
25.

(/nix/store/d80likrir75iwgnkrsq1dximagxlx8j7-texlive-2023-env-texmfdist/tex/lat
ex/newpx/unpxsym.fd
File: unpxsym.fd 2023/08/16 Fontinst v1.933 font definitions for U/npxsym.
)
LaTeX Font Info:    Trying to load font information for U+npxsyc on input line 
25.

(/nix/store/d80likrir75iwgnkrsq1dximagxlx8j7-texlive-2023-env-texmfdist/tex/lat
ex/newpx/unpxsyc.fd
File: unpxsyc.fd 2013/03/24 Fontinst v1.933 font definitions for U/npxsyc.
)
LaTeX Font Info:    Trying to load font information for TS1+zpltlf on input lin
e 25.

(/nix/store/d80likrir75iwgnkrsq1dximagxlx8j7-texlive-2023-env-texmfdist/tex/lat
ex/newpx/ts1zpltlf.fd
File: ts1zpltlf.fd 2021/11/24 v1.0 fd file for TS1/zpltlf
)
LaTeX Font Info:    Font shape `TS1/zpltlf/m/n' will be
(Font)              scaled to size 9.0pt on input line 25.
LaTeX Font Info:    Font shape `TS1/zpltlf/m/n' will be
(Font)              scaled to size 7.3pt on input line 25.
LaTeX Font Info:    Font shape `TS1/zpltlf/m/n' will be
(Font)              scaled to size 5.5pt on input line 25.
LaTeX Font Info:    Font shape `T1/zpltlf/m/n' will be
(Font)              scaled to size 12.0pt on input line 25.
LaTeX Font Info:    Font shape `OT1/zpltlf/m/n' will be
(Font)              scaled to size 12.0pt on input line 25.
LaTeX Font Info:    Font shape `OT1/zpltlf/m/n' will be
(Font)              scaled to size 8.8pt on input line 25.
LaTeX Font Info:    Font shape `OT1/zpltlf/m/n' will be
(Font)              scaled to size 6.6pt on input line 25.
LaTeX Font Info:    Font shape `TS1/zpltlf/m/n' will be
(Font)              scaled to size 12.0pt on input line 25.
LaTeX Font Info:    Font shape `TS1/zpltlf/m/n' will be
(Font)              scaled to size 8.8pt on input line 25.
LaTeX Font Info:    Font shape `TS1/zpltlf/m/n' will be
(Font)              scaled to size 6.6pt on input line 25.
LaTeX Font Info:    Font shape `T1/zpltlf/m/n' will be
(Font)              scaled to size 14.4pt on input line 28.
LaTeX Font Info:    Font shape `T1/zpltlf/b/n' will be
(Font)              scaled to size 14.4pt on input line 28.
LaTeX Font Info:    Font shape `T1/zpltlf/b/n' will be
(Font)              scaled to size 12.0pt on input line 42.
LaTeX Font Info:    Font shape `OT1/zpltlf/m/n' will be
(Font)              scaled to size 10.0pt on input line 48.
LaTeX Font Info:    Font shape `TS1/zpltlf/m/n' will be
(Font)              scaled to size 10.0pt on input line 48.
[1

{/nix/store/xqizzd8x3y956ayqk8f4xsqab0r12rix-texlive-2023-env/share/texmf-var/f
onts/map/pdftex/updmap/pdftex.map}{/nix/store/d80likrir75iwgnkrsq1dximagxlx8j7-
texlive-2023-env-texmfdist/fonts/enc/dvips/newtx/ntx-ec-tlf.enc}{/nix/store/d80
likrir75iwgnkrsq1dximagxlx8j7-texlive-2023-env-texmfdist/fonts/enc/dvips/newtx/
ntx-ot1-tlf.enc}{/nix/store/d80likrir75iwgnkrsq1dximagxlx8j7-texlive-2023-env-t
exmfdist/fonts/enc/dvips/newpx/px-lms.enc}]
LaTeX Font Info:    Font shape `T1/npxtt/m/n' will be
(Font)              scaled to size 10.0pt on input line 149.
\openout2 = `figures/circles.aux'.

(./figures/circles.tex
\gptboxheight=\skip56
\gptboxwidth=\skip57
\gptboxtext=\box60
Package epstopdf Info: Source file: <figures/circles.eps>
(epstopdf)                    date: 2024-11-14 01:56:33
(epstopdf)                    size: 383410 bytes
(epstopdf)             Output file: <figures/circles-eps-converted-to.pdf>
(epstopdf)             Command: <repstopdf --outfile=figures/circles-eps-conver
ted-to.pdf figures/circles.eps>
(epstopdf)             \includegraphics on input line 114.
runsystem(repstopdf --outfile=figures/circles-eps-converted-to.pdf figures/circ
les.eps)...executed safely (allowed).

Package epstopdf Info: Result file: <figures/circles-eps-converted-to.pdf>
(epstopdf)                    date: 2024-11-14 01:56:59
(epstopdf)                    size: 193710 bytes.
<figures/circles-eps-converted-to.pdf, id=61, 397.485pt x 255.95625pt>
File: figures/circles-eps-converted-to.pdf Graphic file (type pdf)
<use figures/circles-eps-converted-to.pdf>
Package pdftex.def Info: figures/circles-eps-converted-to.pdf  used on input li
ne 114.
(pdftex.def)             Requested size: 398.30281pt x 256.07277pt.
)
\openout2 = `figures/circles-var-2.aux'.

(./figures/circles-var-2.tex
Package epstopdf Info: Source file: <figures/circles-var-2.eps>
(epstopdf)                    date: 2024-11-14 01:56:33
(epstopdf)                    size: 383776 bytes
(epstopdf)             Output file: <figures/circles-var-2-eps-converted-to.pdf
>
(epstopdf)             Command: <repstopdf --outfile=figures/circles-var-2-eps-
converted-to.pdf figures/circles-var-2.eps>
(epstopdf)             \includegraphics on input line 114.
runsystem(repstopdf --outfile=figures/circles-var-2-eps-converted-to.pdf figure
s/circles-var-2.eps)...executed safely (allowed).

Package epstopdf Info: Result file: <figures/circles-var-2-eps-converted-to.pdf
>
(epstopdf)                    date: 2024-11-14 01:57:01
(epstopdf)                    size: 193400 bytes.
<figures/circles-var-2-eps-converted-to.pdf, id=62, 397.485pt x 255.95625pt>
File: figures/circles-var-2-eps-converted-to.pdf Graphic file (type pdf)
<use figures/circles-var-2-eps-converted-to.pdf>
Package pdftex.def Info: figures/circles-var-2-eps-converted-to.pdf  used on in
put line 114.
(pdftex.def)             Requested size: 398.30281pt x 256.07277pt.
) [2]
\openout2 = `figures/circle-and-ellipse-i-0.5pi-var-1.aux'.

(./figures/circle-and-ellipse-i-0.5pi-var-1.tex
Package epstopdf Info: Source file: <figures/circle-and-ellipse-i-0.5pi-var-1.e
ps>
(epstopdf)                    date: 2024-11-14 01:56:33
(epstopdf)                    size: 382560 bytes
(epstopdf)             Output file: <figures/circle-and-ellipse-i-0.5pi-var-1-e
ps-converted-to.pdf>
(epstopdf)             Command: <repstopdf --outfile=figures/circle-and-ellipse
-i-0.5pi-var-1-eps-converted-to.pdf figures/circle-and-ellipse-i-0.5pi-var-1.ep
s>
(epstopdf)             \includegraphics on input line 114.
runsystem(repstopdf --outfile=figures/circle-and-ellipse-i-0.5pi-var-1-eps-conv
erted-to.pdf figures/circle-and-ellipse-i-0.5pi-var-1.eps)...executed safely (a
llowed).

Package epstopdf Info: Result file: <figures/circle-and-ellipse-i-0.5pi-var-1-e
ps-converted-to.pdf>
(epstopdf)                    date: 2024-11-14 01:57:02
(epstopdf)                    size: 186568 bytes.
<figures/circle-and-ellipse-i-0.5pi-var-1-eps-converted-to.pdf, id=75, 397.485p
t x 255.95625pt>
File: figures/circle-and-ellipse-i-0.5pi-var-1-eps-converted-to.pdf Graphic fil
e (type pdf)
<use figures/circle-and-ellipse-i-0.5pi-var-1-eps-converted-to.pdf>
Package pdftex.def Info: figures/circle-and-ellipse-i-0.5pi-var-1-eps-converted
-to.pdf  used on input line 114.
(pdftex.def)             Requested size: 398.30281pt x 256.07277pt.
)
\openout2 = `figures/circle-and-ellipse-i-0.47.aux'.

(./figures/circle-and-ellipse-i-0.47.tex
Package epstopdf Info: Source file: <figures/circle-and-ellipse-i-0.47.eps>
(epstopdf)                    date: 2024-11-14 01:56:33
(epstopdf)                    size: 384646 bytes
(epstopdf)             Output file: <figures/circle-and-ellipse-i-0.47-eps-conv
erted-to.pdf>
(epstopdf)             Command: <repstopdf --outfile=figures/circle-and-ellipse
-i-0.47-eps-converted-to.pdf figures/circle-and-ellipse-i-0.47.eps>
(epstopdf)             \includegraphics on input line 114.
runsystem(repstopdf --outfile=figures/circle-and-ellipse-i-0.47-eps-converted-t
o.pdf figures/circle-and-ellipse-i-0.47.eps)...executed safely (allowed).

Package epstopdf Info: Result file: <figures/circle-and-ellipse-i-0.47-eps-conv
erted-to.pdf>
(epstopdf)                    date: 2024-11-14 01:57:03
(epstopdf)                    size: 196157 bytes.
<figures/circle-and-ellipse-i-0.47-eps-converted-to.pdf, id=76, 397.485pt x 255
.95625pt>
File: figures/circle-and-ellipse-i-0.47-eps-converted-to.pdf Graphic file (type
 pdf)
<use figures/circle-and-ellipse-i-0.47-eps-converted-to.pdf>
Package pdftex.def Info: figures/circle-and-ellipse-i-0.47-eps-converted-to.pdf
  used on input line 114.
(pdftex.def)             Requested size: 398.30281pt x 256.07277pt.
) [3




pdfTeX warning (ext4): destination with the same identifier (name{figure.1}) ha
s been already used, duplicate ignored
<argument> ...shipout:D \box_use:N \l_shipout_box 
                                                  \__shipout_drop_firstpage_...
l.192 \end{figure}
                  




pdfTeX warning (ext4): destination with the same identifier (name{figure.2}) ha
s been already used, duplicate ignored
<argument> ...shipout:D \box_use:N \l_shipout_box 
                                                  \__shipout_drop_firstpage_...
l.192 \end{figure}
                   <./figures/circles-eps-converted-to.pdf> <./figures/circles-
var-2-eps-converted-to.pdf>]
\openout2 = `figures/ellipses.aux'.

(./figures/ellipses.tex
Package epstopdf Info: Source file: <figures/ellipses.eps>
(epstopdf)                    date: 2024-11-14 01:56:33
(epstopdf)                    size: 383762 bytes
(epstopdf)             Output file: <figures/ellipses-eps-converted-to.pdf>
(epstopdf)             Command: <repstopdf --outfile=figures/ellipses-eps-conve
rted-to.pdf figures/ellipses.eps>
(epstopdf)             \includegraphics on input line 114.
runsystem(repstopdf --outfile=figures/ellipses-eps-converted-to.pdf figures/ell
ipses.eps)...executed safely (allowed).

Package epstopdf Info: Result file: <figures/ellipses-eps-converted-to.pdf>
(epstopdf)                    date: 2024-11-14 01:57:04
(epstopdf)                    size: 187768 bytes.
<figures/ellipses-eps-converted-to.pdf, id=87, 397.485pt x 255.95625pt>
File: figures/ellipses-eps-converted-to.pdf Graphic file (type pdf)
<use figures/ellipses-eps-converted-to.pdf>
Package pdftex.def Info: figures/ellipses-eps-converted-to.pdf  used on input l
ine 114.
(pdftex.def)             Requested size: 398.30281pt x 256.07277pt.
)
\openout2 = `figures/realistic.aux'.

(./figures/realistic.tex
Package epstopdf Info: Source file: <figures/realistic.eps>
(epstopdf)                    date: 2024-11-14 01:56:33
(epstopdf)                    size: 19282 bytes
(epstopdf)             Output file: <figures/realistic-eps-converted-to.pdf>
(epstopdf)             Command: <repstopdf --outfile=figures/realistic-eps-conv
erted-to.pdf figures/realistic.eps>
(epstopdf)             \includegraphics on input line 112.
runsystem(repstopdf --outfile=figures/realistic-eps-converted-to.pdf figures/re
alistic.eps)...executed safely (allowed).

Package epstopdf Info: Result file: <figures/realistic-eps-converted-to.pdf>
(epstopdf)                    date: 2024-11-14 01:57:05
(epstopdf)                    size: 3802 bytes.
<figures/realistic-eps-converted-to.pdf, id=88, 397.485pt x 255.95625pt>
File: figures/realistic-eps-converted-to.pdf Graphic file (type pdf)
<use figures/realistic-eps-converted-to.pdf>
Package pdftex.def Info: figures/realistic-eps-converted-to.pdf  used on input 
line 112.
(pdftex.def)             Requested size: 398.30281pt x 256.07277pt.
) [4




pdfTeX warning (ext4): destination with the same identifier (name{figure.3}) ha
s been already used, duplicate ignored
<argument> ...shipout:D \box_use:N \l_shipout_box 
                                                  \__shipout_drop_firstpage_...
l.210 \end{figure}
                  




pdfTeX warning (ext4): destination with the same identifier (name{figure.4}) ha
s been already used, duplicate ignored
<argument> ...shipout:D \box_use:N \l_shipout_box 
                                                  \__shipout_drop_firstpage_...
l.210 \end{figure}
                   <./figures/circle-and-ellipse-i-0.5pi-var-1-eps-converted-to
.pdf> <./figures/circle-and-ellipse-i-0.47-eps-converted-to.pdf>]
LaTeX Font Info:    Font shape `T1/zpltlf/m/it' will be
(Font)              scaled to size 10.0pt on input line 213.
[5




pdfTeX warning (ext4): destination with the same identifier (name{figure.5}) ha
s been already used, duplicate ignored
<argument> ...shipout:D \box_use:N \l_shipout_box 
                                                  \__shipout_drop_firstpage_...
l.223 \begin{thebibliography}{5}
                                




pdfTeX warning (ext4): destination with the same identifier (name{figure.6}) ha
s been already used, duplicate ignored
<argument> ...shipout:D \box_use:N \l_shipout_box 
                                                  \__shipout_drop_firstpage_...
l.223 \begin{thebibliography}{5}
                                 <./figures/ellipses-eps-converted-to.pdf> <./f
igures/realistic-eps-converted-to.pdf>] [6] (./transit-light-curves.aux (./figu
res/circles.aux) (./figures/circles-var-2.aux) (./figures/circle-and-ellipse-i-
0.5pi-var-1.aux) (./figures/circle-and-ellipse-i-0.47.aux) (./figures/ellipses.
aux) (./figures/realistic.aux))
 ***********
LaTeX2e <2023-11-01> patch level 1
L3 programming layer <2020/03/25>
 ***********
Package rerunfilecheck Info: File `transit-light-curves.out' has not changed.
(rerunfilecheck)             Checksum: 889618FB469B6E7FF3BD33A9153CDE6D;1220.
 ) 
Here is how much of TeX's memory you used:
 15090 strings out of 474116
 241818 string characters out of 5720541
 1950187 words of memory out of 5000000
 37119 multiletter control sequences out of 15000+600000
 618202 words of font info for 135 fonts, out of 8000000 for 9000
 1141 hyphenation exceptions out of 8191
 80i,9n,93p,585b,493s stack positions out of 10000i,1000n,20000p,200000b,200000s
</nix/store/d80likrir75iwgnkrsq1dximagxlx8j7-texlive-2023-env-texmfdist/fonts
/type1/public/newpx/NewPXMI.pfb></nix/store/d80likrir75iwgnkrsq1dximagxlx8j7-te
xlive-2023-env-texmfdist/fonts/type1/public/newpx/NewPXMI_gnu.pfb></nix/store/d
80likrir75iwgnkrsq1dximagxlx8j7-texlive-2023-env-texmfdist/fonts/type1/public/n
ewpx/pxmiaX.pfb></nix/store/d80likrir75iwgnkrsq1dximagxlx8j7-texlive-2023-env-t
exmfdist/fonts/type1/public/newpx/pxsys.pfb></nix/store/d80likrir75iwgnkrsq1dxi
magxlx8j7-texlive-2023-env-texmfdist/fonts/type1/public/txfonts/t1xtt.pfb></nix
/store/d80likrir75iwgnkrsq1dximagxlx8j7-texlive-2023-env-texmfdist/fonts/type1/
public/newtx/txexs.pfb></nix/store/d80likrir75iwgnkrsq1dximagxlx8j7-texlive-202
3-env-texmfdist/fonts/type1/public/newpx/zplb.pfb></nix/store/d80likrir75iwgnkr
sq1dximagxlx8j7-texlive-2023-env-texmfdist/fonts/type1/public/newpx/zplr.pfb></
nix/store/d80likrir75iwgnkrsq1dximagxlx8j7-texlive-2023-env-texmfdist/fonts/typ
e1/public/newpx/zplri.pfb>
Output written on transit-light-curves.pdf (6 pages, 1103751 bytes).
PDF statistics:
 174 PDF objects out of 1000 (max. 8388607)
 139 compressed objects within 2 object streams
 33 named destinations out of 1000 (max. 500000)
 95 words of extra memory for PDF output out of 10000 (max. 10000000)

